  main.cpp
c:\users\gianmarco\documents\visual studio 2015\projects\cbuffer\cbuffer\cbuffer.h(91): warning C4101: 'e': variabile locale senza riferimenti
  c:\users\gianmarco\documents\visual studio 2015\projects\cbuffer\cbuffer\cbuffer.h(84): note: durante la compilazione della funzione membro '<Sconosciuto>' della classe <Sconosciuto>
  main.cpp(91): note: vedere il riferimento all'istanza '<Sconosciuto>' della funzione <Sconosciuto> di cui è in corso la compilazione
  main.cpp(91): note: vedere il riferimento all'istanza '<Sconosciuto>' della classe <Sconosciuto> di cui è in corso la compilazione
c:\users\gianmarco\documents\visual studio 2015\projects\cbuffer\cbuffer\cbuffer.h(115): warning C4101: 'e': variabile locale senza riferimenti
  c:\users\gianmarco\documents\visual studio 2015\projects\cbuffer\cbuffer\cbuffer.h(105): note: durante la compilazione della funzione membro '<Sconosciuto>' della classe <Sconosciuto>
  main.cpp(63): note: vedere il riferimento all'istanza '<Sconosciuto>' della funzione <Sconosciuto> di cui è in corso la compilazione
  main.cpp(63): note: vedere il riferimento all'istanza '<Sconosciuto>' della classe <Sconosciuto> di cui è in corso la compilazione
c:\users\gianmarco\documents\visual studio 2015\projects\cbuffer\cbuffer\cbuffer.h(192): warning C4101: 'e': variabile locale senza riferimenti
  main.cpp(82): note: vedere il riferimento all'istanza '<Sconosciuto>' della funzione <Sconosciuto> di cui è in corso la compilazione
  main.cpp(82): note: vedere il riferimento all'istanza '<Sconosciuto>' della funzione <Sconosciuto> di cui è in corso la compilazione
c:\users\gianmarco\documents\visual studio 2015\projects\cbuffer\cbuffer\cbuffer.h(777): warning C4018: '<': errata corrispondenza tra signed e unsigned
  main.cpp(95): note: vedere il riferimento all'istanza '<Sconosciuto>' della funzione <Sconosciuto> di cui è in corso la compilazione
c:\users\gianmarco\documents\visual studio 2015\projects\cbuffer\cbuffer\cbuffer.h(785): warning C4101: 'e': variabile locale senza riferimenti
  Generazione codice in corso...
  2 of 142 functions ( 1.4%) were compiled, the rest were copied from previous compilation.
    1 functions were new in current compilation
    7 functions had inline decision re-evaluated but remain unchanged
  Generazione codice terminata
  CBuffer.vcxproj -> C:\Users\Gianmarco\Documents\Visual Studio 2015\Projects\CBuffer\Release\CBuffer.exe
